Determining if the pthread_create exist failed with the following output:
Change Dir: /home/tejaswini/Desktop/v2lab4/catkin_ws/build/CMakeFiles/CMakeTmp

Run Build Command:"/usr/bin/make" "cmTC_08277/fast"
/usr/bin/make -f CMakeFiles/cmTC_08277.dir/build.make CMakeFiles/cmTC_08277.dir/build
make[1]: Entering directory '/home/tejaswini/Desktop/v2lab4/catkin_ws/build/CMakeFiles/CMakeTmp'
Building C object CMakeFiles/cmTC_08277.dir/CheckSymbolExists.c.o
/usr/bin/cc     -o CMakeFiles/cmTC_08277.dir/CheckSymbolExists.c.o   -c /home/tejaswini/Desktop/v2lab4/catkin_ws/build/CMakeFiles/CMakeTmp/CheckSymbolExists.c
Linking C executable cmTC_08277
/usr/bin/cmake -E cmake_link_script CMakeFiles/cmTC_08277.dir/link.txt --verbose=1
/usr/bin/cc       CMakeFiles/cmTC_08277.dir/CheckSymbolExists.c.o  -o cmTC_08277 -rdynamic 
CMakeFiles/cmTC_08277.dir/CheckSymbolExists.c.o: In function `main':
CheckSymbolExists.c:(.text+0x16): undefined reference to `pthread_create'
collect2: error: ld returned 1 exit status
CMakeFiles/cmTC_08277.dir/build.make:97: recipe for target 'cmTC_08277' failed
make[1]: *** [cmTC_08277] Error 1
make[1]: Leaving directory '/home/tejaswini/Desktop/v2lab4/catkin_ws/build/CMakeFiles/CMakeTmp'
Makefile:126: recipe for target 'cmTC_08277/fast' failed
make: *** [cmTC_08277/fast] Error 2

File /home/tejaswini/Desktop/v2lab4/catkin_ws/build/CMakeFiles/CMakeTmp/CheckSymbolExists.c:
/* */
#include <pthread.h>

int main(int argc, char** argv)
{
  (void)argv;
#ifndef pthread_create
  return ((int*)(&pthread_create))[argc];
#else
  (void)argc;
  return 0;
#endif
}

Determining if the function pthread_create exists in the pthreads failed with the following output:
Change Dir: /home/tejaswini/Desktop/v2lab4/catkin_ws/build/CMakeFiles/CMakeTmp

Run Build Command:"/usr/bin/make" "cmTC_64baa/fast"
/usr/bin/make -f CMakeFiles/cmTC_64baa.dir/build.make CMakeFiles/cmTC_64baa.dir/build
make[1]: Entering directory '/home/tejaswini/Desktop/v2lab4/catkin_ws/build/CMakeFiles/CMakeTmp'
Building C object CMakeFiles/cmTC_64baa.dir/CheckFunctionExists.c.o
/usr/bin/cc    -DCHECK_FUNCTION_EXISTS=pthread_create   -o CMakeFiles/cmTC_64baa.dir/CheckFunctionExists.c.o   -c /usr/share/cmake-3.5/Modules/CheckFunctionExists.c
Linking C executable cmTC_64baa
/usr/bin/cmake -E cmake_link_script CMakeFiles/cmTC_64baa.dir/link.txt --verbose=1
/usr/bin/cc   -DCHECK_FUNCTION_EXISTS=pthread_create    CMakeFiles/cmTC_64baa.dir/CheckFunctionExists.c.o  -o cmTC_64baa -rdynamic -lpthreads 
/usr/bin/ld: cannot find -lpthreads
collect2: error: ld returned 1 exit status
CMakeFiles/cmTC_64baa.dir/build.make:97: recipe for target 'cmTC_64baa' failed
make[1]: *** [cmTC_64baa] Error 1
make[1]: Leaving directory '/home/tejaswini/Desktop/v2lab4/catkin_ws/build/CMakeFiles/CMakeTmp'
Makefile:126: recipe for target 'cmTC_64baa/fast' failed
make: *** [cmTC_64baa/fast] Error 2


